0 info it worked if it ends with ok
1 verbose cli [ 'D:\\Work\\nodejs\\\\node.exe',
1 verbose cli   'D:\\Work\\nodejs\\node_modules\\npm\\bin\\npm-cli.js',
1 verbose cli   'adduser' ]
2 info using npm@1.4.28
3 info using node@v0.10.35
4 verbose node symlink D:\Work\nodejs\\node.exe
5 warn Username may not contain non-url-safe chars
6 error Error: canceled
6 error     at Interface.<anonymous> (D:\Work\nodejs\node_modules\npm\node_modules\read\lib\read.js:66:13)
6 error     at Interface.emit (events.js:92:17)
6 error     at Interface._ttyWrite (readline.js:621:16)
6 error     at ReadStream.onkeypress (readline.js:100:10)
6 error     at ReadStream.emit (events.js:98:17)
6 error     at emitKey (readline.js:1096:12)
6 error     at ReadStream.onData (readline.js:841:14)
6 error     at ReadStream.emit (events.js:95:17)
6 error     at ReadStream.<anonymous> (_stream_readable.js:765:14)
6 error     at ReadStream.emit (events.js:92:17)
7 error If you need help, you may report this *entire* log,
7 error including the npm and node versions, at:
7 error     <http://github.com/npm/npm/issues>
8 error System Windows_NT 6.1.7601
9 error command "D:\\Work\\nodejs\\\\node.exe" "D:\\Work\\nodejs\\node_modules\\npm\\bin\\npm-cli.js" "adduser"
10 error cwd C:\Users\Administrator\GitHub\grunt-personal-mixin
11 error node -v v0.10.35
12 error npm -v 1.4.28
13 verbose exit [ 1, true ]
